make all --print-data-base --no-builtin-variables --no-builtin-rules --question
# GNU Make 3.81
# Copyright (C) 2006  Free Software Foundation, Inc.
# This is free software; see the source for copying conditions.
# There is NO warranty; not even for MERCHANTABILITY or FITNESS FOR A
# PARTICULAR PURPOSE.

# This program built for i386-apple-darwin11.3.0

# Make data base, printed on Mon Mar 27 16:05:44 2023

# Variables

# automatic
<D = $(patsubst %/,%,$(dir $<))
# environment
NVM_IOJS_ORG_MIRROR = https://iojs.org/dist
# automatic
?F = $(notdir $?)
# environment
VSCODE_CRASH_REPORTER_PROCESS_TYPE = extensionHost
# automatic
?D = $(patsubst %/,%,$(dir $?))
# environment
rvm_path = /Users/yango3/.rvm
# automatic
@D = $(patsubst %/,%,$(dir $@))
# automatic
@F = $(notdir $@)
# makefile
CURDIR := /Users/yango3/Documents/mywork/ruff/power-brd/artery/AT32F415/IAP/ymodem/ymodem-js
# makefile
SHELL = /bin/sh
# environment
VSCODE_NLS_CONFIG = {"locale":"en-gb","availableLanguages":{},"_languagePackSupport":true}
# environment
_ = /usr/bin/make
# makefile
MAKEFILE_LIST := 
# environment
VSCODE_CWD = /
# environment
PATH = ~/.cargo/bin:/Users/yango3/.nvm/versions/node/v12.22.0/bin:/Users/yango3/miniconda3/bin:/Users/yango3/miniconda3/condabin:/usr/local/bin:/usr/bin:/bin:/usr/sbin:/sbin:/Library/TeX/texbin:/Library/Apple/usr/bin:/Users/yango3/.cargo/bin:/Users/yango3/.rvm/bin
# environment
LSCOLORS = Gxfxcxdxbxegedabagacad
# environment
NVM_BIN = /Users/yango3/.nvm/versions/node/v12.22.0/bin
# environment
ZSH_CUSTOM = /Users/yango3/.zsh-custom
# environment
ELECTRON_RUN_AS_NODE = 1
# default
.FEATURES := target-specific order-only second-expansion else-if archives jobserver check-symlink
# environment
LS_COLORS = di=1;36:ln=35:so=32:pi=33:ex=31:bd=34;46:cd=34;43:su=30;41:sg=30;46:tw=30;42:ow=30;43
# environment
SSH_AUTH_SOCK = /private/tmp/com.apple.launchd.VCgYMwU4T5/Listeners
# automatic
%F = $(notdir $%)
# environment
CONDA_EXE = /Users/yango3/miniconda3/bin/conda
# environment
rvm_bin_path = /Users/yango3/.rvm/bin
# environment
PWD = /Users/yango3/Documents/mywork/ruff/power-brd/artery/AT32F415/IAP/ymodem/ymodem-js
# environment
ORIGINAL_XDG_CURRENT_DESKTOP = undefined
# environment
MANPATH = /Users/yango3/.nvm/versions/node/v12.22.0/share/man:/Users/yango3/miniconda3/share/man:/usr/local/share/man:/usr/share/man:/Library/TeX/texbin/man:/Library/Apple/usr/share/man:/Library/Developer/CommandLineTools/SDKs/MacOSX.sdk/usr/share/man:/Applications/Xcode.app/Contents/Developer/usr/share/man:/Applications/Xcode.app/Contents/Developer/Toolchains/XcodeDefault.xctoolchain/usr/share/man
# environment
VSCODE_AMD_ENTRYPOINT = vs/workbench/api/node/extensionHostProcess
# environment
HOME = /Users/yango3
# default
MAKEFILEPATH := /Applications/Xcode.app/Contents/Developer/Makefiles
# environment
VSCODE_CODE_CACHE_PATH = /Users/yango3/Library/Application Support/Code/CachedData/ee2b180d582a7f601fa6ecfdad8d9fd269ab1884
# environment
LOGNAME = yango3
# environment
APPLICATION_INSIGHTS_NO_DIAGNOSTIC_CHANNEL = 1
# environment
CONDA_PROMPT_MODIFIER = (base) 
# environment
NVM_CD_FLAGS = -q
# environment
ZSH = /Users/yango3/.oh-my-zsh
# environment
VSCODE_HANDLES_UNCAUGHT_ERRORS = true
# automatic
^D = $(patsubst %/,%,$(dir $^))
# environment
CONDA_DEFAULT_ENV = base
# environment
XPC_FLAGS = 0x0
# default
MAKE = $(MAKE_COMMAND)
# default
MAKECMDGOALS := all
# environment
SHLVL = 1
# environment
JAVA_HOME = /Library/Java/JavaVirtualMachines/zulu-8.jdk/Contents/Home
# default
MAKE_VERSION := 3.81
# environment
USER = yango3
# makefile
.DEFAULT_GOAL := 
# environment
rvm_version = 1.29.10 (latest)
# environment
LESS = -R
# automatic
%D = $(patsubst %/,%,$(dir $%))
# environment
ZSH_THEME = agnosterzak
# environment
CONDA_SHLVL = 1
# default
MAKE_COMMAND := /Applications/Xcode.app/Contents/Developer/usr/bin/make
# default
.VARIABLES := 
# environment
TMPDIR = /var/folders/dn/xt0yf8bd6v77nbp283_p0hmm0000gn/T/
# automatic
*F = $(notdir $*)
# environment
VSCODE_IPC_HOOK = /Users/yango3/Library/Application Support/Code/1.76-main.sock
# environment
MallocNanoZone = 0
# makefile
MAKEFLAGS = Rrqp
# environment
MFLAGS = -Rrqp
# automatic
*D = $(patsubst %/,%,$(dir $*))
# environment
NVM_DIR = /Users/yango3/.nvm
# environment
XPC_SERVICE_NAME = com.apple.xpc.launchd.oneshot.0x1000001c.Electron
# automatic
+D = $(patsubst %/,%,$(dir $+))
# environment
VSCODE_L10N_BUNDLE_LOCATION = 
# automatic
+F = $(notdir $+)
# environment
__CF_USER_TEXT_ENCODING = 0x1F5:0x0:0x2
# environment
COMMAND_MODE = unix2003
# default
MAKEFILES := 
# automatic
<F = $(notdir $<)
# environment
PAGER = less
# environment
LC_ALL = C
# environment
NVM_NODEJS_ORG_MIRROR = https://nodejs.org/dist
# environment
CONDA_PYTHON_EXE = /Users/yango3/miniconda3/bin/python
# automatic
^F = $(notdir $^)
# environment
rvm_prefix = /Users/yango3
# default
SUFFIXES := 
# default
.INCLUDE_DIRS = /usr/local/include
# environment
MAKELEVEL := 0
# environment
CONDA_PREFIX = /Users/yango3/miniconda3
# environment
VSCODE_PID = 16777
# environment
LANG = C
# variable set hash-table stats:
# Load=83/1024=8%, Rehash=0, Collisions=3/104=3%

# Pattern-specific Variable Values

# No pattern-specific variable values.

# Directories

# . (device 16777220, inode 64739016): 20 files, no impossibilities.

# 20 files, no impossibilities in 1 directories.

# Implicit Rules

# No implicit rules.

# Files

# Not a target:
all:
#  Command-line target.
#  Implicit rule search has been done.
#  File does not exist.
#  File has not been updated.
# variable set hash-table stats:
# Load=0/32=0%, Rehash=0, Collisions=0/0=0%

# Not a target:
.SUFFIXES:
#  Implicit rule search has not been done.
#  Modification time never checked.
#  File has not been updated.

# Not a target:
Makefile:
#  A default, MAKEFILES, or -include/sinclude makefile.
#  Implicit rule search has been done.
#  File does not exist.
#  File has been updated.
#  Failed to be updated.
# variable set hash-table stats:
# Load=0/32=0%, Rehash=0, Collisions=0/0=0%

# Not a target:
makefile:
#  A default, MAKEFILES, or -include/sinclude makefile.
#  Implicit rule search has been done.
#  File does not exist.
#  File has been updated.
#  Failed to be updated.
# variable set hash-table stats:
# Load=0/32=0%, Rehash=0, Collisions=0/0=0%

# Not a target:
.DEFAULT:
#  Implicit rule search has not been done.
#  Modification time never checked.
#  File has not been updated.

# Not a target:
GNUmakefile:
#  A default, MAKEFILES, or -include/sinclude makefile.
#  Implicit rule search has been done.
#  File does not exist.
#  File has been updated.
#  Failed to be updated.
# variable set hash-table stats:
# Load=0/32=0%, Rehash=0, Collisions=0/0=0%

# files hash-table stats:
# Load=6/1024=1%, Rehash=0, Collisions=0/17=0%
# VPATH Search Paths

# No `vpath' search paths.

# No general (`VPATH' variable) search path.

# # of strings in strcache: 0
# # of strcache buffers: 0
# strcache size: total = 0 / max = 0 / min = 4096 / avg = 0
# strcache free: total = 0 / max = 0 / min = 4096 / avg = 0

# Finished Make data base on Mon Mar 27 16:05:44 2023

 
make: *** No rule to make target `all'.  Stop.

